<?xml version="1.0" encoding="UTF-8"?>
<!-- Generated by org.testng.reporters.JUnitReportReporter -->
<testsuite skipped="0" hostname="LAPTOP-0DB1N2QD" name="com.betterU.script.DoLogout" tests="1" failures="0" timestamp="16 Apr 2018 20:43:04 GMT" time="22.959" errors="0">
  <testcase name="doLogout" time="22.959" classname="com.betterU.script.DoLogout"/>
</testsuite> <!-- com.betterU.script.DoLogout -->
