<?xml version="1.0" encoding="UTF-8"?>
<!-- Generated by org.testng.reporters.JUnitReportReporter -->
<testsuite skipped="0" hostname="LAPTOP-0DB1N2QD" name="com.betterU.script.DoLogin" tests="2" failures="0" timestamp="17 Apr 2018 20:02:34 GMT" time="95.556" errors="0">
  <testcase name="doLogin" time="57.169" classname="com.betterU.script.DoLogin"/>
  <testcase name="doLogin" time="38.387" classname="com.betterU.script.DoLogin"/>
</testsuite> <!-- com.betterU.script.DoLogin -->
