<?xml version="1.0" encoding="UTF-8"?>
<!-- Generated by org.testng.reporters.JUnitReportReporter -->
<testsuite skipped="0" hostname="LAPTOP-0DB1N2QD" name="com.betterU.script.VerifyLoginPage" tests="1" failures="0" timestamp="03 Apr 2018 18:13:37 GMT" time="47.066" errors="0">
  <testcase name="testVerifyLoginPage" time="47.066" classname="com.betterU.script.VerifyLoginPage"/>
</testsuite> <!-- com.betterU.script.VerifyLoginPage -->
