<?xml version="1.0" encoding="UTF-8"?>
<!-- Generated by org.testng.reporters.JUnitReportReporter -->
<testsuite skipped="0" hostname="LAPTOP-0DB1N2QD" name="com.betterU.script.DoLogout" tests="2" failures="0" timestamp="17 Apr 2018 20:02:34 GMT" time="88.859" errors="0">
  <testcase name="doLogout" time="48.317" classname="com.betterU.script.DoLogout"/>
  <testcase name="doLogout" time="40.542" classname="com.betterU.script.DoLogout"/>
</testsuite> <!-- com.betterU.script.DoLogout -->
