<?xml version="1.0" encoding="UTF-8"?>
<!-- Generated by org.testng.reporters.JUnitReportReporter -->
<testsuite skipped="0" hostname="LAPTOP-0DB1N2QD" name="com.betterU.script.VerifyLoginPage" tests="1" failures="0" timestamp="14 Apr 2018 13:30:25 GMT" time="38.094" errors="0">
  <testcase name="testVerifyLoginPage" time="38.094" classname="com.betterU.script.VerifyLoginPage"/>
</testsuite> <!-- com.betterU.script.VerifyLoginPage -->
