<?xml version="1.0" encoding="UTF-8"?>
<!-- Generated by org.testng.reporters.JUnitReportReporter -->
<testsuite skipped="0" hostname="LAPTOP-0DB1N2QD" name="com.betterU.script.VerifyLoginPage" tests="2" failures="0" timestamp="17 Apr 2018 20:02:34 GMT" time="32.211" errors="0">
  <testcase name="testVerifyLoginPage" time="19.987" classname="com.betterU.script.VerifyLoginPage"/>
  <testcase name="testVerifyLoginPage" time="12.224" classname="com.betterU.script.VerifyLoginPage"/>
</testsuite> <!-- com.betterU.script.VerifyLoginPage -->
