<?xml version="1.0" encoding="UTF-8"?>
<!-- Generated by org.testng.reporters.JUnitReportReporter -->
<testsuite skipped="0" hostname="LAPTOP-0DB1N2QD" name="com.betterU.script.VerifyInvalidLogin" tests="1" failures="0" timestamp="17 Apr 2018 18:45:11 GMT" time="32.598" errors="0">
  <testcase name="testVerifyInvalidLogin" time="32.598" classname="com.betterU.script.VerifyInvalidLogin"/>
</testsuite> <!-- com.betterU.script.VerifyInvalidLogin -->
