<?xml version="1.0" encoding="UTF-8"?>
<!-- Generated by org.testng.reporters.JUnitReportReporter -->
<testsuite skipped="0" hostname="LAPTOP-0DB1N2QD" name="com.betterU.script.DoLogin" tests="1" failures="0" timestamp="03 Apr 2018 18:13:37 GMT" time="58.016" errors="0">
  <testcase name="doLogin" time="58.016" classname="com.betterU.script.DoLogin"/>
</testsuite> <!-- com.betterU.script.DoLogin -->
