<?xml version="1.0" encoding="UTF-8"?>
<!-- Generated by org.testng.reporters.JUnitReportReporter -->
<testsuite skipped="0" hostname="LAPTOP-0DB1N2QD" name="com.betterU.script.DoLogin" tests="1" failures="0" timestamp="04 Apr 2018 20:36:50 GMT" time="43.731" errors="0">
  <testcase name="doLogin" time="43.731" classname="com.betterU.script.DoLogin"/>
</testsuite> <!-- com.betterU.script.DoLogin -->
